<?xml version="1.0" encoding="UTF-8"?>
<!-- Generated by org.testng.reporters.JUnitXMLReporter -->
<testsuite ignored="0" hostname="Akshay" failures="1" tests="2" name="Test" time="14.644" errors="0" timestamp="2022-03-04T09:52:32 IST">
  <testcase classname="com.crm.OrganizationTest.CreateOrgTest1" name="createOrganizationTest3" time="0.007"/>
  <testcase classname="com.crm.OrganizationTest.CreateOrgTest1" name="createorgtest" time="3.933">
    <failure type="java.lang.AssertionError" message="null">
      <![CDATA[java.lang.AssertionError: null
at com.crm.OrganizationTest.CreateOrgTest1.createorgtest(CreateOrgTest1.java:55)
at java.base/java.util.ArrayList.forEach(ArrayList.java:1511)
... Removed 29 stack frames]]>
    </failure>
  </testcase> <!-- createorgtest -->
</testsuite> <!-- Test -->
